[ERROR] Tue Jan 10 09:40:25 AKST 2006 - Error accessing property. Property not found in class.
com.taursys.model.ModelPropertyAccessorException: Property not found in class.
Property Name=xxxx(n/a)
ValueObject Class=com.taursys.model.test.TestValueObject
Invoked Method Name=n/a
Given ValueObject Class=n/a
Given Value data type=n/a
	at com.taursys.model.PropertyAccessor.getProperty(PropertyAccessor.java:145)
	at com.taursys.model.PropertyAccessor.setAccessorMethods(PropertyAccessor.java:114)
	at com.taursys.model.PropertyAccessor.&lt;init&gt;(PropertyAccessor.java:76)
	at com.taursys.model.VOValueHolder.getPropertyAccessor(VOValueHolder.java:250)
	at com.taursys.model.VOValueHolder.getPropertyValue(VOValueHolder.java:184)
	at com.taursys.model.VOComparator.compare(VOComparator.java:119)
	at com.taursys.model.test.VOComparatorTest.testCompareInvalidProperty(VOComparatorTest.java:35)
	at sun.reflect.NativeMethodAccessorImpl.invoke0(Native Method)
	at sun.reflect.NativeMethodAccessorImpl.invoke(NativeMethodAccessorImpl.java:39)
	at sun.reflect.DelegatingMethodAccessorImpl.invoke(DelegatingMethodAccessorImpl.java:25)
	at java.lang.reflect.Method.invoke(Method.java:324)
	at junit.framework.TestCase.runTest(TestCase.java:166)
	at junit.framework.TestCase.runBare(TestCase.java:140)
	at junit.framework.TestResult$1.protect(TestResult.java:106)
	at junit.framework.TestResult.runProtected(TestResult.java:124)
	at junit.framework.TestResult.run(TestResult.java:109)
	at junit.framework.TestCase.run(TestCase.java:131)
	at junit.framework.TestSuite.runTest(TestSuite.java:173)
	at junit.framework.TestSuite.run(TestSuite.java:168)
	at org.apache.tools.ant.taskdefs.optional.junit.JUnitTestRunner.run(JUnitTestRunner.java:289)
	at org.apache.tools.ant.taskdefs.optional.junit.JUnitTask.executeInVM(JUnitTask.java:1061)
	at org.apache.tools.ant.taskdefs.optional.junit.JUnitTask.execute(JUnitTask.java:676)
	at org.apache.tools.ant.taskdefs.optional.junit.JUnitTask.executeOrQueue(JUnitTask.java:1413)
	at org.apache.tools.ant.taskdefs.optional.junit.JUnitTask.execute(JUnitTask.java:633)
	at org.apache.tools.ant.UnknownElement.execute(UnknownElement.java:275)
	at org.apache.tools.ant.Task.perform(Task.java:364)
	at org.apache.tools.ant.Target.execute(Target.java:341)
	at org.apache.tools.ant.Target.performTasks(Target.java:369)
	at org.apache.tools.ant.Project.executeTarget(Project.java:1214)
	at org.apache.tools.ant.taskdefs.Ant.execute(Ant.java:386)
	at org.apache.tools.ant.taskdefs.CallTarget.execute(CallTarget.java:106)
	at org.apache.tools.ant.UnknownElement.execute(UnknownElement.java:275)
	at org.apache.tools.ant.Task.perform(Task.java:364)
	at org.apache.tools.ant.Target.execute(Target.java:341)
	at org.apache.tools.ant.Target.performTasks(Target.java:369)
	at org.apache.tools.ant.Project.executeTarget(Project.java:1214)
	at org.apache.tools.ant.Project.executeTargets(Project.java:1062)
	at org.eclipse.ant.internal.core.ant.InternalAntRunner.run(InternalAntRunner.java:633)
	at org.eclipse.ant.internal.core.ant.InternalAntRunner.run(InternalAntRunner.java:412)
	at sun.reflect.NativeMethodAccessorImpl.invoke0(Native Method)
	at sun.reflect.NativeMethodAccessorImpl.invoke(NativeMethodAccessorImpl.java:39)
	at sun.reflect.DelegatingMethodAccessorImpl.invoke(DelegatingMethodAccessorImpl.java:25)
	at java.lang.reflect.Method.invoke(Method.java:324)
	at org.eclipse.ant.core.AntRunner.run(AntRunner.java:350)
	at org.eclipse.ant.internal.ui.launchConfigurations.AntLaunchDelegate$1.run(AntLaunchDelegate.java:182)
	at java.lang.Thread.run(Thread.java:534)
[ERROR] Tue Jan 10 09:40:25 AKST 2006 - VOComparator.compare: cannot compare - Property not found in class.
com.taursys.model.ModelPropertyAccessorException: Property not found in class.
Property Name=xxxx(n/a)
ValueObject Class=com.taursys.model.test.TestValueObject
Invoked Method Name=n/a
Given ValueObject Class=n/a
Given Value data type=n/a
	at com.taursys.model.PropertyAccessor.getProperty(PropertyAccessor.java:145)
	at com.taursys.model.PropertyAccessor.setAccessorMethods(PropertyAccessor.java:114)
	at com.taursys.model.PropertyAccessor.&lt;init&gt;(PropertyAccessor.java:76)
	at com.taursys.model.VOValueHolder.getPropertyAccessor(VOValueHolder.java:250)
	at com.taursys.model.VOValueHolder.getPropertyValue(VOValueHolder.java:184)
	at com.taursys.model.VOComparator.compare(VOComparator.java:119)
	at com.taursys.model.test.VOComparatorTest.testCompareInvalidProperty(VOComparatorTest.java:35)
	at sun.reflect.NativeMethodAccessorImpl.invoke0(Native Method)
	at sun.reflect.NativeMethodAccessorImpl.invoke(NativeMethodAccessorImpl.java:39)
	at sun.reflect.DelegatingMethodAccessorImpl.invoke(DelegatingMethodAccessorImpl.java:25)
	at java.lang.reflect.Method.invoke(Method.java:324)
	at junit.framework.TestCase.runTest(TestCase.java:166)
	at junit.framework.TestCase.runBare(TestCase.java:140)
	at junit.framework.TestResult$1.protect(TestResult.java:106)
	at junit.framework.TestResult.runProtected(TestResult.java:124)
	at junit.framework.TestResult.run(TestResult.java:109)
	at junit.framework.TestCase.run(TestCase.java:131)
	at junit.framework.TestSuite.runTest(TestSuite.java:173)
	at junit.framework.TestSuite.run(TestSuite.java:168)
	at org.apache.tools.ant.taskdefs.optional.junit.JUnitTestRunner.run(JUnitTestRunner.java:289)
	at org.apache.tools.ant.taskdefs.optional.junit.JUnitTask.executeInVM(JUnitTask.java:1061)
	at org.apache.tools.ant.taskdefs.optional.junit.JUnitTask.execute(JUnitTask.java:676)
	at org.apache.tools.ant.taskdefs.optional.junit.JUnitTask.executeOrQueue(JUnitTask.java:1413)
	at org.apache.tools.ant.taskdefs.optional.junit.JUnitTask.execute(JUnitTask.java:633)
	at org.apache.tools.ant.UnknownElement.execute(UnknownElement.java:275)
	at org.apache.tools.ant.Task.perform(Task.java:364)
	at org.apache.tools.ant.Target.execute(Target.java:341)
	at org.apache.tools.ant.Target.performTasks(Target.java:369)
	at org.apache.tools.ant.Project.executeTarget(Project.java:1214)
	at org.apache.tools.ant.taskdefs.Ant.execute(Ant.java:386)
	at org.apache.tools.ant.taskdefs.CallTarget.execute(CallTarget.java:106)
	at org.apache.tools.ant.UnknownElement.execute(UnknownElement.java:275)
	at org.apache.tools.ant.Task.perform(Task.java:364)
	at org.apache.tools.ant.Target.execute(Target.java:341)
	at org.apache.tools.ant.Target.performTasks(Target.java:369)
	at org.apache.tools.ant.Project.executeTarget(Project.java:1214)
	at org.apache.tools.ant.Project.executeTargets(Project.java:1062)
	at org.eclipse.ant.internal.core.ant.InternalAntRunner.run(InternalAntRunner.java:633)
	at org.eclipse.ant.internal.core.ant.InternalAntRunner.run(InternalAntRunner.java:412)
	at sun.reflect.NativeMethodAccessorImpl.invoke0(Native Method)
	at sun.reflect.NativeMethodAccessorImpl.invoke(NativeMethodAccessorImpl.java:39)
	at sun.reflect.DelegatingMethodAccessorImpl.invoke(DelegatingMethodAccessorImpl.java:25)
	at java.lang.reflect.Method.invoke(Method.java:324)
	at org.eclipse.ant.core.AntRunner.run(AntRunner.java:350)
	at org.eclipse.ant.internal.ui.launchConfigurations.AntLaunchDelegate$1.run(AntLaunchDelegate.java:182)
	at java.lang.Thread.run(Thread.java:534)
[ERROR] Tue Jan 10 09:40:25 AKST 2006 - VOComparator.compare: Cannot compare - sort property name(s) is missing.
[ERROR] Tue Jan 10 09:40:25 AKST 2006 - VOComparator.compare: Cannot compare - sort property name(s) is missing.
[ERROR] Tue Jan 10 09:40:25 AKST 2006 - VOComparator.compare: Cannot compare - VOValueHolder is null.
[ERROR] Tue Jan 10 09:40:25 AKST 2006 - VOComparator.compare: Cannot compare - sort property name #0 is null.
