[ERROR] Tue Jan 10 09:40:27 AKST 2006 - Error during process archive
java.util.zip.ZipException: No such file or directory
	at java.util.zip.ZipFile.open(Native Method)
	at java.util.zip.ZipFile.&lt;init&gt;(ZipFile.java:112)
	at java.util.zip.ZipFile.&lt;init&gt;(ZipFile.java:128)
	at com.taursys.tools.util.ClassPath.processArchive(ClassPath.java:384)
	at com.taursys.tools.util.ClassPath.getEntriesInPath(ClassPath.java:349)
	at com.taursys.tools.util.ClassPath.getEntries(ClassPath.java:163)
	at com.taursys.tools.util.test.ClassPathTest.testGetEntriesInPath_SingleZip(ClassPathTest.java:174)
	at sun.reflect.NativeMethodAccessorImpl.invoke0(Native Method)
	at sun.reflect.NativeMethodAccessorImpl.invoke(NativeMethodAccessorImpl.java:39)
	at sun.reflect.DelegatingMethodAccessorImpl.invoke(DelegatingMethodAccessorImpl.java:25)
	at java.lang.reflect.Method.invoke(Method.java:324)
	at junit.framework.TestCase.runTest(TestCase.java:166)
	at junit.framework.TestCase.runBare(TestCase.java:140)
	at junit.framework.TestResult$1.protect(TestResult.java:106)
	at junit.framework.TestResult.runProtected(TestResult.java:124)
	at junit.framework.TestResult.run(TestResult.java:109)
	at junit.framework.TestCase.run(TestCase.java:131)
	at junit.framework.TestSuite.runTest(TestSuite.java:173)
	at junit.framework.TestSuite.run(TestSuite.java:168)
	at org.apache.tools.ant.taskdefs.optional.junit.JUnitTestRunner.run(JUnitTestRunner.java:289)
	at org.apache.tools.ant.taskdefs.optional.junit.JUnitTask.executeInVM(JUnitTask.java:1061)
	at org.apache.tools.ant.taskdefs.optional.junit.JUnitTask.execute(JUnitTask.java:676)
	at org.apache.tools.ant.taskdefs.optional.junit.JUnitTask.executeOrQueue(JUnitTask.java:1413)
	at org.apache.tools.ant.taskdefs.optional.junit.JUnitTask.execute(JUnitTask.java:633)
	at org.apache.tools.ant.UnknownElement.execute(UnknownElement.java:275)
	at org.apache.tools.ant.Task.perform(Task.java:364)
	at org.apache.tools.ant.Target.execute(Target.java:341)
	at org.apache.tools.ant.Target.performTasks(Target.java:369)
	at org.apache.tools.ant.Project.executeTarget(Project.java:1214)
	at org.apache.tools.ant.taskdefs.Ant.execute(Ant.java:386)
	at org.apache.tools.ant.taskdefs.CallTarget.execute(CallTarget.java:106)
	at org.apache.tools.ant.UnknownElement.execute(UnknownElement.java:275)
	at org.apache.tools.ant.Task.perform(Task.java:364)
	at org.apache.tools.ant.Target.execute(Target.java:341)
	at org.apache.tools.ant.Target.performTasks(Target.java:369)
	at org.apache.tools.ant.Project.executeTarget(Project.java:1214)
	at org.apache.tools.ant.Project.executeTargets(Project.java:1062)
	at org.eclipse.ant.internal.core.ant.InternalAntRunner.run(InternalAntRunner.java:633)
	at org.eclipse.ant.internal.core.ant.InternalAntRunner.run(InternalAntRunner.java:412)
	at sun.reflect.NativeMethodAccessorImpl.invoke0(Native Method)
	at sun.reflect.NativeMethodAccessorImpl.invoke(NativeMethodAccessorImpl.java:39)
	at sun.reflect.DelegatingMethodAccessorImpl.invoke(DelegatingMethodAccessorImpl.java:25)
	at java.lang.reflect.Method.invoke(Method.java:324)
	at org.eclipse.ant.core.AntRunner.run(AntRunner.java:350)
	at org.eclipse.ant.internal.ui.launchConfigurations.AntLaunchDelegate$1.run(AntLaunchDelegate.java:182)
	at java.lang.Thread.run(Thread.java:534)
[ERROR] Tue Jan 10 09:40:27 AKST 2006 - Error during process archive
java.util.zip.ZipException: No such file or directory
	at java.util.zip.ZipFile.open(Native Method)
	at java.util.zip.ZipFile.&lt;init&gt;(ZipFile.java:112)
	at java.util.zip.ZipFile.&lt;init&gt;(ZipFile.java:128)
	at com.taursys.tools.util.ClassPath.processArchive(ClassPath.java:384)
	at com.taursys.tools.util.ClassPath.getEntriesInPath(ClassPath.java:349)
	at com.taursys.tools.util.ClassPath.getEntries(ClassPath.java:163)
	at com.taursys.tools.util.test.ClassPathTest.testGetEntriesInPath_Mult(ClassPathTest.java:187)
	at sun.reflect.NativeMethodAccessorImpl.invoke0(Native Method)
	at sun.reflect.NativeMethodAccessorImpl.invoke(NativeMethodAccessorImpl.java:39)
	at sun.reflect.DelegatingMethodAccessorImpl.invoke(DelegatingMethodAccessorImpl.java:25)
	at java.lang.reflect.Method.invoke(Method.java:324)
	at junit.framework.TestCase.runTest(TestCase.java:166)
	at junit.framework.TestCase.runBare(TestCase.java:140)
	at junit.framework.TestResult$1.protect(TestResult.java:106)
	at junit.framework.TestResult.runProtected(TestResult.java:124)
	at junit.framework.TestResult.run(TestResult.java:109)
	at junit.framework.TestCase.run(TestCase.java:131)
	at junit.framework.TestSuite.runTest(TestSuite.java:173)
	at junit.framework.TestSuite.run(TestSuite.java:168)
	at org.apache.tools.ant.taskdefs.optional.junit.JUnitTestRunner.run(JUnitTestRunner.java:289)
	at org.apache.tools.ant.taskdefs.optional.junit.JUnitTask.executeInVM(JUnitTask.java:1061)
	at org.apache.tools.ant.taskdefs.optional.junit.JUnitTask.execute(JUnitTask.java:676)
	at org.apache.tools.ant.taskdefs.optional.junit.JUnitTask.executeOrQueue(JUnitTask.java:1413)
	at org.apache.tools.ant.taskdefs.optional.junit.JUnitTask.execute(JUnitTask.java:633)
	at org.apache.tools.ant.UnknownElement.execute(UnknownElement.java:275)
	at org.apache.tools.ant.Task.perform(Task.java:364)
	at org.apache.tools.ant.Target.execute(Target.java:341)
	at org.apache.tools.ant.Target.performTasks(Target.java:369)
	at org.apache.tools.ant.Project.executeTarget(Project.java:1214)
	at org.apache.tools.ant.taskdefs.Ant.execute(Ant.java:386)
	at org.apache.tools.ant.taskdefs.CallTarget.execute(CallTarget.java:106)
	at org.apache.tools.ant.UnknownElement.execute(UnknownElement.java:275)
	at org.apache.tools.ant.Task.perform(Task.java:364)
	at org.apache.tools.ant.Target.execute(Target.java:341)
	at org.apache.tools.ant.Target.performTasks(Target.java:369)
	at org.apache.tools.ant.Project.executeTarget(Project.java:1214)
	at org.apache.tools.ant.Project.executeTargets(Project.java:1062)
	at org.eclipse.ant.internal.core.ant.InternalAntRunner.run(InternalAntRunner.java:633)
	at org.eclipse.ant.internal.core.ant.InternalAntRunner.run(InternalAntRunner.java:412)
	at sun.reflect.NativeMethodAccessorImpl.invoke0(Native Method)
	at sun.reflect.NativeMethodAccessorImpl.invoke(NativeMethodAccessorImpl.java:39)
	at sun.reflect.DelegatingMethodAccessorImpl.invoke(DelegatingMethodAccessorImpl.java:25)
	at java.lang.reflect.Method.invoke(Method.java:324)
	at org.eclipse.ant.core.AntRunner.run(AntRunner.java:350)
	at org.eclipse.ant.internal.ui.launchConfigurations.AntLaunchDelegate$1.run(AntLaunchDelegate.java:182)
	at java.lang.Thread.run(Thread.java:534)
